2021-03-04 10:22:20.802  WARN 15584 --- [main] JpaBaseConfiguration$JpaWebConfiguration : spring.jpa.open-in-view is enabled by default. Therefore, database queries may be performed during view rendering. Explicitly configure spring.jpa.open-in-view to disable this warning
2021-03-04 10:23:41.983 DEBUG 15584 --- [http-nio-8080-exec-1] org.hibernate.SQL                        : select next_val as id_val from hibernate_sequence for update
2021-03-04 10:23:42.002 DEBUG 15584 --- [http-nio-8080-exec-1] org.hibernate.SQL                        : update hibernate_sequence set next_val= ? where next_val=?
2021-03-04 10:23:42.066 DEBUG 15584 --- [http-nio-8080-exec-1] org.hibernate.SQL                        : insert into chat (nickname, sessione, id) values (?, ?, ?)
2021-03-04 10:23:42.070 TRACE 15584 --- [http-nio-8080-exec-1] o.h.type.descriptor.sql.BasicBinder      : binding parameter [1] as [VARCHAR] - [null]
2021-03-04 10:23:42.071 TRACE 15584 --- [http-nio-8080-exec-1] o.h.type.descriptor.sql.BasicBinder      : binding parameter [2] as [VARCHAR] - [null]
2021-03-04 10:23:42.073 TRACE 15584 --- [http-nio-8080-exec-1] o.h.type.descriptor.sql.BasicBinder      : binding parameter [3] as [BIGINT] - [1]
2021-03-04 10:23:42.136 DEBUG 15584 --- [http-nio-8080-exec-1] org.hibernate.SQL                        : update chat set nickname=?, sessione=? where id=?
2021-03-04 10:23:42.137 TRACE 15584 --- [http-nio-8080-exec-1] o.h.type.descriptor.sql.BasicBinder      : binding parameter [1] as [VARCHAR] - [null]
2021-03-04 10:23:42.138 TRACE 15584 --- [http-nio-8080-exec-1] o.h.type.descriptor.sql.BasicBinder      : binding parameter [2] as [VARCHAR] - [1]
2021-03-04 10:23:42.139 TRACE 15584 --- [http-nio-8080-exec-1] o.h.type.descriptor.sql.BasicBinder      : binding parameter [3] as [BIGINT] - [1]
2021-03-04 10:23:42.431 DEBUG 15584 --- [http-nio-8080-exec-1] org.hibernate.SQL                        : select chat0_.id as id1_0_, chat0_.nickname as nickname2_0_, chat0_.sessione as sessione3_0_ from chat chat0_
2021-03-04 10:23:42.461 DEBUG 15584 --- [http-nio-8080-exec-1] org.hibernate.SQL                        : select messaggio0_.id as id1_1_, messaggio0_.alias_destinatario as alias_de2_1_, messaggio0_.alias_mittente as alias_mi3_1_, messaggio0_.testo as testo4_1_ from messaggio messaggio0_
2021-03-04 10:30:50.143  WARN 19420 --- [main] JpaBaseConfiguration$JpaWebConfiguration : spring.jpa.open-in-view is enabled by default. Therefore, database queries may be performed during view rendering. Explicitly configure spring.jpa.open-in-view to disable this warning
2021-03-04 10:31:04.874 DEBUG 19420 --- [http-nio-8080-exec-1] org.hibernate.SQL                        : select next_val as id_val from hibernate_sequence for update
2021-03-04 10:31:04.896 DEBUG 19420 --- [http-nio-8080-exec-1] org.hibernate.SQL                        : update hibernate_sequence set next_val= ? where next_val=?
2021-03-04 10:31:04.966 DEBUG 19420 --- [http-nio-8080-exec-1] org.hibernate.SQL                        : insert into chat (nickname, sessione, id) values (?, ?, ?)
2021-03-04 10:31:04.975 TRACE 19420 --- [http-nio-8080-exec-1] o.h.type.descriptor.sql.BasicBinder      : binding parameter [1] as [VARCHAR] - [giuseppe verdi]
2021-03-04 10:31:04.979 TRACE 19420 --- [http-nio-8080-exec-1] o.h.type.descriptor.sql.BasicBinder      : binding parameter [2] as [VARCHAR] - [null]
2021-03-04 10:31:05.049 TRACE 19420 --- [http-nio-8080-exec-1] o.h.type.descriptor.sql.BasicBinder      : binding parameter [3] as [BIGINT] - [2]
2021-03-04 10:31:05.096 DEBUG 19420 --- [http-nio-8080-exec-1] org.hibernate.SQL                        : update chat set nickname=?, sessione=? where id=?
2021-03-04 10:31:05.097 TRACE 19420 --- [http-nio-8080-exec-1] o.h.type.descriptor.sql.BasicBinder      : binding parameter [1] as [VARCHAR] - [giuseppe verdi]
2021-03-04 10:31:05.098 TRACE 19420 --- [http-nio-8080-exec-1] o.h.type.descriptor.sql.BasicBinder      : binding parameter [2] as [VARCHAR] - [2]
2021-03-04 10:31:05.098 TRACE 19420 --- [http-nio-8080-exec-1] o.h.type.descriptor.sql.BasicBinder      : binding parameter [3] as [BIGINT] - [2]
2021-03-04 10:31:05.606 DEBUG 19420 --- [http-nio-8080-exec-1] org.hibernate.SQL                        : select chat0_.id as id1_0_, chat0_.nickname as nickname2_0_, chat0_.sessione as sessione3_0_ from chat chat0_
2021-03-04 10:31:05.638 DEBUG 19420 --- [http-nio-8080-exec-1] org.hibernate.SQL                        : select messaggio0_.id as id1_1_, messaggio0_.alias_destinatario as alias_de2_1_, messaggio0_.alias_mittente as alias_mi3_1_, messaggio0_.testo as testo4_1_ from messaggio messaggio0_
2021-03-04 10:31:42.670 DEBUG 19420 --- [http-nio-8080-exec-3] org.hibernate.SQL                        : select next_val as id_val from hibernate_sequence for update
2021-03-04 10:31:42.677 DEBUG 19420 --- [http-nio-8080-exec-3] org.hibernate.SQL                        : update hibernate_sequence set next_val= ? where next_val=?
2021-03-04 10:31:42.695 DEBUG 19420 --- [http-nio-8080-exec-3] org.hibernate.SQL                        : insert into chat (nickname, sessione, id) values (?, ?, ?)
2021-03-04 10:31:42.697 TRACE 19420 --- [http-nio-8080-exec-3] o.h.type.descriptor.sql.BasicBinder      : binding parameter [1] as [VARCHAR] - [mario]
2021-03-04 10:31:42.698 TRACE 19420 --- [http-nio-8080-exec-3] o.h.type.descriptor.sql.BasicBinder      : binding parameter [2] as [VARCHAR] - [null]
2021-03-04 10:31:42.698 TRACE 19420 --- [http-nio-8080-exec-3] o.h.type.descriptor.sql.BasicBinder      : binding parameter [3] as [BIGINT] - [3]
2021-03-04 10:31:42.730 DEBUG 19420 --- [http-nio-8080-exec-3] org.hibernate.SQL                        : update chat set nickname=?, sessione=? where id=?
2021-03-04 10:31:42.731 TRACE 19420 --- [http-nio-8080-exec-3] o.h.type.descriptor.sql.BasicBinder      : binding parameter [1] as [VARCHAR] - [mario]
2021-03-04 10:31:42.732 TRACE 19420 --- [http-nio-8080-exec-3] o.h.type.descriptor.sql.BasicBinder      : binding parameter [2] as [VARCHAR] - [3]
2021-03-04 10:31:42.733 TRACE 19420 --- [http-nio-8080-exec-3] o.h.type.descriptor.sql.BasicBinder      : binding parameter [3] as [BIGINT] - [3]
2021-03-04 10:31:42.746 DEBUG 19420 --- [http-nio-8080-exec-3] org.hibernate.SQL                        : select chat0_.id as id1_0_, chat0_.nickname as nickname2_0_, chat0_.sessione as sessione3_0_ from chat chat0_
2021-03-04 10:31:42.760 DEBUG 19420 --- [http-nio-8080-exec-3] org.hibernate.SQL                        : select messaggio0_.id as id1_1_, messaggio0_.alias_destinatario as alias_de2_1_, messaggio0_.alias_mittente as alias_mi3_1_, messaggio0_.testo as testo4_1_ from messaggio messaggio0_
